<?xml version="1.0" encoding="UTF-8"?>
<testsuite xmlns:xsi="http://www.w3.org/2001/XMLSchema-instance" xsi:noNamespaceSchemaLocation="https://maven.apache.org/surefire/maven-surefire-plugin/xsd/surefire-test-report.xsd" name="TestSuite" time="15.588" tests="1" errors="0" skipped="0" failures="0">
  <properties>
    <property name="sun.desktop" value="windows"/>
    <property name="awt.toolkit" value="sun.awt.windows.WToolkit"/>
    <property name="file.encoding.pkg" value="sun.io"/>
    <property name="java.specification.version" value="1.8"/>
    <property name="sun.jnu.encoding" value="Cp1252"/>
    <property name="java.class.path" value="C:\Users\IBM_ADMIN\workspace\MavenDemo\target\test-classes;C:\Users\IBM_ADMIN\workspace\MavenDemo\target\classes;C:\Users\IBM_ADMIN\.m2\repository\org\testng\testng\6.8\testng-6.8.jar;C:\Users\IBM_ADMIN\.m2\repository\junit\junit\4.10\junit-4.10.jar;C:\Users\IBM_ADMIN\.m2\repository\org\hamcrest\hamcrest-core\1.1\hamcrest-core-1.1.jar;C:\Users\IBM_ADMIN\.m2\repository\org\beanshell\bsh\2.0b4\bsh-2.0b4.jar;C:\Users\IBM_ADMIN\.m2\repository\com\beust\jcommander\1.27\jcommander-1.27.jar;C:\Users\IBM_ADMIN\.m2\repository\org\yaml\snakeyaml\1.6\snakeyaml-1.6.jar;C:\Users\IBM_ADMIN\.m2\repository\org\seleniumhq\selenium\selenium-support\3.13.0\selenium-support-3.13.0.jar;C:\Users\IBM_ADMIN\.m2\repository\org\seleniumhq\selenium\selenium-api\3.13.0\selenium-api-3.13.0.jar;C:\Users\IBM_ADMIN\.m2\repository\org\seleniumhq\selenium\selenium-remote-driver\3.13.0\selenium-remote-driver-3.13.0.jar;C:\Users\IBM_ADMIN\.m2\repository\net\bytebuddy\byte-buddy\1.8.3\byte-buddy-1.8.3.jar;C:\Users\IBM_ADMIN\.m2\repository\org\apache\commons\commons-exec\1.3\commons-exec-1.3.jar;C:\Users\IBM_ADMIN\.m2\repository\commons-codec\commons-codec\1.10\commons-codec-1.10.jar;C:\Users\IBM_ADMIN\.m2\repository\commons-logging\commons-logging\1.2\commons-logging-1.2.jar;C:\Users\IBM_ADMIN\.m2\repository\com\google\code\gson\gson\2.8.4\gson-2.8.4.jar;C:\Users\IBM_ADMIN\.m2\repository\com\google\guava\guava\25.0-jre\guava-25.0-jre.jar;C:\Users\IBM_ADMIN\.m2\repository\com\google\code\findbugs\jsr305\1.3.9\jsr305-1.3.9.jar;C:\Users\IBM_ADMIN\.m2\repository\org\checkerframework\checker-compat-qual\2.0.0\checker-compat-qual-2.0.0.jar;C:\Users\IBM_ADMIN\.m2\repository\com\google\errorprone\error_prone_annotations\2.1.3\error_prone_annotations-2.1.3.jar;C:\Users\IBM_ADMIN\.m2\repository\com\google\j2objc\j2objc-annotations\1.1\j2objc-annotations-1.1.jar;C:\Users\IBM_ADMIN\.m2\repository\org\codehaus\mojo\animal-sniffer-annotations\1.14\animal-sniffer-annotations-1.14.jar;C:\Users\IBM_ADMIN\.m2\repository\org\apache\httpcomponents\httpclient\4.5.5\httpclient-4.5.5.jar;C:\Users\IBM_ADMIN\.m2\repository\org\apache\httpcomponents\httpcore\4.4.9\httpcore-4.4.9.jar;C:\Users\IBM_ADMIN\.m2\repository\com\squareup\okhttp3\okhttp\3.10.0\okhttp-3.10.0.jar;C:\Users\IBM_ADMIN\.m2\repository\com\squareup\okio\okio\1.14.1\okio-1.14.1.jar;C:\Users\IBM_ADMIN\.m2\repository\log4j\log4j\1.2.17\log4j-1.2.17.jar;C:\Users\IBM_ADMIN\.m2\repository\org\seleniumhq\selenium\selenium-firefox-driver\3.13.0\selenium-firefox-driver-3.13.0.jar;C:\Users\IBM_ADMIN\.m2\repository\commons-io\commons-io\1.3.2\commons-io-1.3.2.jar;C:\Users\IBM_ADMIN\.m2\repository\org\apache\maven\surefire\surefire-testng-utils\2.20.1\surefire-testng-utils-2.20.1.jar;C:\Users\IBM_ADMIN\.m2\repository\org\apache\maven\surefire\surefire-grouper\2.20.1\surefire-grouper-2.20.1.jar;"/>
    <property name="java.vm.vendor" value="IBM Corporation"/>
    <property name="com.ibm.zero.version" value="2"/>
    <property name="sun.arch.data.model" value="64"/>
    <property name="com.ibm.vm.bitmode" value="64"/>
    <property name="user.variant" value=""/>
    <property name="com.ibm.oti.vm.library.version" value="28"/>
    <property name="password" value=""/>
    <property name="java.vendor.url" value="http://www.ibm.com/"/>
    <property name="user.timezone" value=""/>
    <property name="os.name" value="Windows 7"/>
    <property name="java.vm.specification.version" value="1.8"/>
    <property name="sun.java.launcher" value="SUN_STANDARD"/>
    <property name="user.country" value="US"/>
    <property name="sun.boot.library.path" value="C:\Program Files (x86)\IBM SDK\sdk\jre\bin\compressedrefs;C:\Program Files (x86)\IBM SDK\sdk\jre\bin"/>
    <property name="sun.java.command" value="C:\Users\IBM_AD~1\AppData\Local\Temp\surefire4932911671773753658\surefirebooter664084001604586125.jar C:\Users\IBM_ADMIN\AppData\Local\Temp\surefire4932911671773753658 2018-11-23T18-28-08_542-jvmRun1 surefire2823212869325390070tmp surefire_04638298107029619875tmp"/>
    <property name="surefire.test.class.path" value="C:\Users\IBM_ADMIN\workspace\MavenDemo\target\test-classes;C:\Users\IBM_ADMIN\workspace\MavenDemo\target\classes;C:\Users\IBM_ADMIN\.m2\repository\org\testng\testng\6.8\testng-6.8.jar;C:\Users\IBM_ADMIN\.m2\repository\junit\junit\4.10\junit-4.10.jar;C:\Users\IBM_ADMIN\.m2\repository\org\hamcrest\hamcrest-core\1.1\hamcrest-core-1.1.jar;C:\Users\IBM_ADMIN\.m2\repository\org\beanshell\bsh\2.0b4\bsh-2.0b4.jar;C:\Users\IBM_ADMIN\.m2\repository\com\beust\jcommander\1.27\jcommander-1.27.jar;C:\Users\IBM_ADMIN\.m2\repository\org\yaml\snakeyaml\1.6\snakeyaml-1.6.jar;C:\Users\IBM_ADMIN\.m2\repository\org\seleniumhq\selenium\selenium-support\3.13.0\selenium-support-3.13.0.jar;C:\Users\IBM_ADMIN\.m2\repository\org\seleniumhq\selenium\selenium-api\3.13.0\selenium-api-3.13.0.jar;C:\Users\IBM_ADMIN\.m2\repository\org\seleniumhq\selenium\selenium-remote-driver\3.13.0\selenium-remote-driver-3.13.0.jar;C:\Users\IBM_ADMIN\.m2\repository\net\bytebuddy\byte-buddy\1.8.3\byte-buddy-1.8.3.jar;C:\Users\IBM_ADMIN\.m2\repository\org\apache\commons\commons-exec\1.3\commons-exec-1.3.jar;C:\Users\IBM_ADMIN\.m2\repository\commons-codec\commons-codec\1.10\commons-codec-1.10.jar;C:\Users\IBM_ADMIN\.m2\repository\commons-logging\commons-logging\1.2\commons-logging-1.2.jar;C:\Users\IBM_ADMIN\.m2\repository\com\google\code\gson\gson\2.8.4\gson-2.8.4.jar;C:\Users\IBM_ADMIN\.m2\repository\com\google\guava\guava\25.0-jre\guava-25.0-jre.jar;C:\Users\IBM_ADMIN\.m2\repository\com\google\code\findbugs\jsr305\1.3.9\jsr305-1.3.9.jar;C:\Users\IBM_ADMIN\.m2\repository\org\checkerframework\checker-compat-qual\2.0.0\checker-compat-qual-2.0.0.jar;C:\Users\IBM_ADMIN\.m2\repository\com\google\errorprone\error_prone_annotations\2.1.3\error_prone_annotations-2.1.3.jar;C:\Users\IBM_ADMIN\.m2\repository\com\google\j2objc\j2objc-annotations\1.1\j2objc-annotations-1.1.jar;C:\Users\IBM_ADMIN\.m2\repository\org\codehaus\mojo\animal-sniffer-annotations\1.14\animal-sniffer-annotations-1.14.jar;C:\Users\IBM_ADMIN\.m2\repository\org\apache\httpcomponents\httpclient\4.5.5\httpclient-4.5.5.jar;C:\Users\IBM_ADMIN\.m2\repository\org\apache\httpcomponents\httpcore\4.4.9\httpcore-4.4.9.jar;C:\Users\IBM_ADMIN\.m2\repository\com\squareup\okhttp3\okhttp\3.10.0\okhttp-3.10.0.jar;C:\Users\IBM_ADMIN\.m2\repository\com\squareup\okio\okio\1.14.1\okio-1.14.1.jar;C:\Users\IBM_ADMIN\.m2\repository\log4j\log4j\1.2.17\log4j-1.2.17.jar;C:\Users\IBM_ADMIN\.m2\repository\org\seleniumhq\selenium\selenium-firefox-driver\3.13.0\selenium-firefox-driver-3.13.0.jar;C:\Users\IBM_ADMIN\.m2\repository\commons-io\commons-io\1.3.2\commons-io-1.3.2.jar;C:\Users\IBM_ADMIN\.m2\repository\org\apache\maven\surefire\surefire-testng-utils\2.20.1\surefire-testng-utils-2.20.1.jar;C:\Users\IBM_ADMIN\.m2\repository\org\apache\maven\surefire\surefire-grouper\2.20.1\surefire-grouper-2.20.1.jar;"/>
    <property name="com.ibm.packed.version" value="2"/>
    <property name="sun.cpu.endian" value="little"/>
    <property name="user.home" value="C:\Users\IBM_ADMIN"/>
    <property name="user.language" value="en"/>
    <property name="java.specification.vendor" value="Oracle Corporation"/>
    <property name="java.home" value="C:\Program Files (x86)\IBM SDK\sdk\jre"/>
    <property name="ibm.signalhandling.rs" value="false"/>
    <property name="file.separator" value="\"/>
    <property name="basedir" value="C:\Users\IBM_ADMIN\workspace\MavenDemo"/>
    <property name="line.separator" value="&#10;"/>
    <property name="java.vm.specification.vendor" value="Oracle Corporation"/>
    <property name="java.specification.name" value="Java Platform API Specification"/>
    <property name="java.compiler" value="j9jit28"/>
    <property name="com.ibm.util.extralibs.properties" value=""/>
    <property name="java.awt.graphicsenv" value="sun.awt.Win32GraphicsEnvironment"/>
    <property name="com.ibm.oti.configuration" value="scar"/>
    <property name="surefire.real.class.path" value="C:\Users\IBM_AD~1\AppData\Local\Temp\surefire4932911671773753658\surefirebooter664084001604586125.jar"/>
    <property name="com.ibm.oti.shared.enabled" value="false"/>
    <property name="sun.boot.class.path" value="C:\Program Files (x86)\IBM SDK\sdk\jre\bin\compressedrefs\jclSC180\vm.jar;C:\Program Files (x86)\IBM SDK\sdk\jre\lib\se-service.jar;C:\Program Files (x86)\IBM SDK\sdk\jre\lib\cuda4j.jar;C:\Program Files (x86)\IBM SDK\sdk\jre\lib\math.jar;C:\Program Files (x86)\IBM SDK\sdk\jre\lib\ibmorb.jar;C:\Program Files (x86)\IBM SDK\sdk\jre\lib\ibmorbapi.jar;C:\Program Files (x86)\IBM SDK\sdk\jre\lib\ibmcfw.jar;C:\Program Files (x86)\IBM SDK\sdk\jre\lib\ibmpkcs.jar;C:\Program Files (x86)\IBM SDK\sdk\jre\lib\ibmcertpathfw.jar;C:\Program Files (x86)\IBM SDK\sdk\jre\lib\ibmjgssfw.jar;C:\Program Files (x86)\IBM SDK\sdk\jre\lib\ibmjssefw.jar;C:\Program Files (x86)\IBM SDK\sdk\jre\lib\ibmsaslfw.jar;C:\Program Files (x86)\IBM SDK\sdk\jre\lib\ibmjcefw.jar;C:\Program Files (x86)\IBM SDK\sdk\jre\lib\ibmjgssprovider.jar;C:\Program Files (x86)\IBM SDK\sdk\jre\lib\ibmjsseprovider2.jar;C:\Program Files (x86)\IBM SDK\sdk\jre\lib\ibmcertpathprovider.jar;C:\Program Files (x86)\IBM SDK\sdk\jre\lib\xmldsigfw.jar;C:\Program Files (x86)\IBM SDK\sdk\jre\lib\xml.jar;C:\Program Files (x86)\IBM SDK\sdk\jre\lib\charsets.jar;C:\Program Files (x86)\IBM SDK\sdk\jre\lib\resources.jar;C:\Program Files (x86)\IBM SDK\sdk\jre\lib\rt.jar;C:\Program Files (x86)\IBM SDK\sdk\jre\lib\dataaccess.jar;C:\Program Files (x86)\IBM SDK\sdk\jre\lib\ibmgpu.jar"/>
    <property name="com.ibm.oti.vm.bootstrap.library.path" value="C:\Program Files (x86)\IBM SDK\sdk\jre\bin\compressedrefs;C:\Program Files (x86)\IBM SDK\sdk\jre\bin"/>
    <property name="com.ibm.cpu.endian" value="little"/>
    <property name="java.fullversion" value="JRE 1.8.0 IBM J9 2.8 Windows 7 amd64-64 Compressed References 20160427_301573 (JIT enabled, AOT enabled)&#10;J9VM - R28_Java8_SR3_20160427_1620_B301573&#10;JIT  - tr.r14.java.green_20160329_114288&#10;GC   - R28_Java8_SR3_20160427_1620_B301573_CMPRSS&#10;J9CL - 20160427_301573"/>
    <property name="java.runtime.version" value="pwa6480sr3-20160428_01 (SR3)"/>
    <property name="user.name" value="Nitish"/>
    <property name="path.separator" value=";"/>
    <property name="os.version" value="6.1"/>
    <property name="java.endorsed.dirs" value="C:\Program Files (x86)\IBM SDK\sdk\jre\lib\endorsed"/>
    <property name="java.runtime.name" value="Java(TM) SE Runtime Environment"/>
    <property name="ibm.signalhandling.sigint" value="true"/>
    <property name="file.encoding" value="Cp1252"/>
    <property name="java.vm.name" value="IBM J9 VM"/>
    <property name="ibm.signalhandling.sigchain" value="true"/>
    <property name="localRepository" value="C:\Users\IBM_ADMIN\.m2\repository"/>
    <property name="java.io.tmpdir" value="C:\Users\IBM_AD~1\AppData\Local\Temp\"/>
    <property name="java.version" value="1.8.0"/>
    <property name="com.ibm.system.agent.path" value="C:\Program Files (x86)\IBM SDK\sdk\jre\bin"/>
    <property name="user.dir" value="C:\Users\IBM_ADMIN\workspace\MavenDemo"/>
    <property name="os.arch" value="amd64"/>
    <property name="java.vm.specification.name" value="Java Virtual Machine Specification"/>
    <property name="java.awt.printerjob" value="sun.awt.windows.WPrinterJob"/>
    <property name="os.encoding" value="UTF8"/>
    <property name="console.encoding" value="Cp437"/>
    <property name="com.ibm.oti.jcl.build" value="20160427_301573"/>
    <property name="java.library.path" value="C:\Program Files (x86)\IBM SDK\sdk\jre\bin\compressedrefs;C:\Program Files (x86)\IBM SDK\sdk\jre\bin;C:\windows\system32;C:\windows;C:\windows\system32;C:\windows;C:\windows\System32\Wbem;C:\windows\System32\WindowsPowerShell\v1.0\;C:\Users\IBM_ADMIN\AppData\Local\Programs\Python\Python36;C:\Program Files (x86)\IBM\Personal Communications\;C:\Program Files (x86)\IBM\Trace Facility\;C:\Program Files (x86)\IBM\Mobility Client\;C:\Program Files (x86)\ibm\gsk8\lib;C:\PROGRA~1\IBM\SQLLIB\BIN;C:\PROGRA~1\IBM\SQLLIB\FUNCTION;C:\PROGRA~1\IBM\SQLLIB\SAMPLES\REPL;C:\Apache Maven\maven\bin;C:\Program Files (x86)\IBM SDK\sdk\bin;c:\exploreclients\i2explore533\bin;C:\Program Files\Adobe\Acrobat 4.0\Reader;c:\exploreclients\i2explore533\bin;C:\Program Files\Adobe\Acrobat 4.0\Reader;;."/>
    <property name="java.vendor" value="IBM Corporation"/>
    <property name="java.vm.info" value="JRE 1.8.0 Windows 7 amd64-64 Compressed References 20160427_301573 (JIT enabled, AOT enabled)&#10;J9VM - R28_Java8_SR3_20160427_1620_B301573&#10;JIT  - tr.r14.java.green_20160329_114288&#10;GC   - R28_Java8_SR3_20160427_1620_B301573_CMPRSS&#10;J9CL - 20160427_301573"/>
    <property name="java.vm.version" value="2.8"/>
    <property name="com.ibm.jcl.checkClassPath" value=""/>
    <property name="ibm.system.encoding" value="Cp1252"/>
    <property name="sun.io.unicode.encoding" value="UnicodeLittle"/>
    <property name="java.ext.dirs" value="C:\Program Files (x86)\IBM SDK\sdk\jre\lib\ext"/>
    <property name="java.class.version" value="52.0"/>
    <property name="username" value=""/>
  </properties>
  <testcase name="verifytilte" classname="ExMavenDemo.MavenDemo.AppTest" time="14.527"/>
</testsuite>