<?xml version="1.0" encoding="UTF-8"?>
<!-- Generated by org.testng.reporters.JUnitReportReporter -->
<testsuite hostname="IBM798-PC0D6UEK" name="ExMavenDemo.MavenDemo.AppTest" tests="1" failures="0" timestamp="23 Nov 2018 12:58:25 GMT" time="14.527" errors="0">
  <testcase name="verifytilte" time="14.527" classname="ExMavenDemo.MavenDemo.AppTest"/>
</testsuite> <!-- ExMavenDemo.MavenDemo.AppTest -->
